Start downloading Afghanistan
Downloading of static/Afghanistan/The_Flag_of_Afghanistan.svg with link https://upload.wikimedia.org/wikipedia/commons/5/5c/Flag_of_the_Taliban.svg has completed
Downloading of static/Afghanistan/The_Coat_Of_Arms_of_Afghanistan.svg with link https://upload.wikimedia.org/wikipedia/commons/d/d8/Arms_of_the_Islamic_Emirate_of_Afghanistan.svg has completed
Downloading of static/Afghanistan/The_Map_of_Afghanistan.svg with link https://upload.wikimedia.org/wikipedia/commons/1/19/Afghanistan_%28orthographic_projection%29.svg has completed
Start downloading Åland Islands
Start downloading Afghanistan
Start downloading Afghanistan
Downloading of static/Afghanistan/The_Flag_of_Afghanistan.svg with link https://upload.wikimedia.org/wikipedia/commons/5/5c/Flag_of_the_Taliban.svg has completed
Downloading of static/Afghanistan/The_Coat_Of_Arms_of_Afghanistan.svg with link https://upload.wikimedia.org/wikipedia/commons/d/d8/Arms_of_the_Islamic_Emirate_of_Afghanistan.svg has completed
Downloading of static/Afghanistan/The_Map_of_Afghanistan.svg with link https://upload.wikimedia.org/wikipedia/commons/1/19/Afghanistan_%28orthographic_projection%29.svg has completed
Start downloading Åland Islands
Downloading of static/Åland Islands/The_Flag_of_Åland_Islands.svg with link https://upload.wikimedia.org/wikipedia/commons/5/5b/Krenkel-Bucht_2_2014-08-31.jpg has completed
Downloading of static/Åland Islands/The_Coat_Of_Arms_of_Åland_Islands.svg with link https://upload.wikimedia.org/wikipedia/commons/8/8e/Kara_sea2SZ.PNG has completed
Downloading of static/Åland Islands/The_Map_of_Åland_Islands.svg with link https://upload.wikimedia.org/wikipedia/commons/7/7e/Dijmphna_Karasee.png has completed
Start downloading Albania
Start downloading Afghanistan
Start downloading Afghanistan
Downloading of static/Afghanistan/The_Flag_of_Afghanistan.svg with link https://upload.wikimedia.org/wikipedia/commons/5/5c/Flag_of_the_Taliban.svg has completed
Downloading of static/Afghanistan/The_Coat_Of_Arms_of_Afghanistan.svg with link https://upload.wikimedia.org/wikipedia/commons/d/d8/Arms_of_the_Islamic_Emirate_of_Afghanistan.svg has completed
Downloading of static/Afghanistan/The_Map_of_Afghanistan.svg with link https://upload.wikimedia.org/wikipedia/commons/1/19/Afghanistan_%28orthographic_projection%29.svg has completed
Start downloading Åland Islands
Start downloading Afghanistan
Downloading of static/Afghanistan/The_Flag_of_Afghanistan.svg with link https://upload.wikimedia.org/wikipedia/commons/5/5c/Flag_of_the_Taliban.svg has completed
Downloading of static/Afghanistan/The_Coat_Of_Arms_of_Afghanistan.svg with link https://upload.wikimedia.org/wikipedia/commons/d/d8/Arms_of_the_Islamic_Emirate_of_Afghanistan.svg has completed
Downloading of static/Afghanistan/The_Map_of_Afghanistan.svg with link https://upload.wikimedia.org/wikipedia/commons/1/19/Afghanistan_%28orthographic_projection%29.svg has completed
Start downloading Åland Islands
Downloading of static/Åland Islands/The_Flag_of_Åland_Islands.svg with link https://upload.wikimedia.org/wikipedia/commons/5/5b/Krenkel-Bucht_2_2014-08-31.jpg has completed
Downloading of static/Åland Islands/The_Coat_Of_Arms_of_Åland_Islands.svg with link https://upload.wikimedia.org/wikipedia/commons/8/8e/Kara_sea2SZ.PNG has completed
Downloading of static/Åland Islands/The_Map_of_Åland_Islands.svg with link https://upload.wikimedia.org/wikipedia/commons/7/7e/Dijmphna_Karasee.png has completed
Start downloading Albania
Start downloading Afghanistan
Downloading of static/Afghanistan/The_Flag_of_Afghanistan.svg with link https://upload.wikimedia.org/wikipedia/commons/5/5c/Flag_of_the_Taliban.svg has completed
Downloading of static/Afghanistan/The_Coat_Of_Arms_of_Afghanistan.svg with link https://upload.wikimedia.org/wikipedia/commons/d/d8/Arms_of_the_Islamic_Emirate_of_Afghanistan.svg has completed
Downloading of static/Afghanistan/The_Map_of_Afghanistan.svg with link https://upload.wikimedia.org/wikipedia/commons/1/19/Afghanistan_%28orthographic_projection%29.svg has completed
Start downloading Åland Islands
Downloading of static/Åland Islands/The_Flag_of_Åland_Islands.svg with link https://upload.wikimedia.org/wikipedia/commons/5/5b/Krenkel-Bucht_2_2014-08-31.jpg has completed
Downloading of static/Åland Islands/The_Coat_Of_Arms_of_Åland_Islands.svg with link https://upload.wikimedia.org/wikipedia/commons/8/8e/Kara_sea2SZ.PNG has completed
Downloading of static/Åland Islands/The_Map_of_Åland_Islands.svg with link https://upload.wikimedia.org/wikipedia/commons/7/7e/Dijmphna_Karasee.png has completed
Start downloading Albania
Start downloading Afghanistan
Downloading of static/Afghanistan/The_Flag_of_Afghanistan.svg with link https://upload.wikimedia.org/wikipedia/commons/5/5c/Flag_of_the_Taliban.svg has completed
Downloading of static/Afghanistan/The_Coat_Of_Arms_of_Afghanistan.svg with link https://upload.wikimedia.org/wikipedia/commons/d/d8/Arms_of_the_Islamic_Emirate_of_Afghanistan.svg has completed
Downloading of static/Afghanistan/The_Map_of_Afghanistan.svg with link https://upload.wikimedia.org/wikipedia/commons/1/19/Afghanistan_%28orthographic_projection%29.svg has completed
Start downloading Åland Islands
Start downloading Afghanistan
Downloading of static/Afghanistan/The_Flag_of_Afghanistan.svg with link https://upload.wikimedia.org/wikipedia/commons/5/5c/Flag_of_the_Taliban.svg has completed
Downloading of static/Afghanistan/The_Coat_Of_Arms_of_Afghanistan.svg with link https://upload.wikimedia.org/wikipedia/commons/d/d8/Arms_of_the_Islamic_Emirate_of_Afghanistan.svg has completed
Downloading of static/Afghanistan/The_Map_of_Afghanistan.svg with link https://upload.wikimedia.org/wikipedia/commons/1/19/Afghanistan_%28orthographic_projection%29.svg has completed
Start downloading Åland Islands
Downloading of static/Åland Islands/The_Flag_of_Åland_Islands.svg with link https://upload.wikimedia.org/wikipedia/commons/5/5b/Krenkel-Bucht_2_2014-08-31.jpg has completed
Downloading of static/Åland Islands/The_Coat_Of_Arms_of_Åland_Islands.svg with link https://upload.wikimedia.org/wikipedia/commons/8/8e/Kara_sea2SZ.PNG has completed
Downloading of static/Åland Islands/The_Map_of_Åland_Islands.svg with link https://upload.wikimedia.org/wikipedia/commons/7/7e/Dijmphna_Karasee.png has completed
Start downloading Albania
Downloading of static/Albania/The_Flag_of_Albania.svg with link https://upload.wikimedia.org/wikipedia/commons/3/36/Flag_of_Albania.svg has completed
Downloading of static/Albania/The_Coat_Of_Arms_of_Albania.svg with link https://upload.wikimedia.org/wikipedia/commons/6/6e/Coat_of_arms_of_Albania.svg has completed
Downloading of static/Albania/The_Map_of_Albania.svg with link https://upload.wikimedia.org/wikipedia/commons/a/a7/Kamenic%C3%AB_Tumulus%2C_Albania_2018_02.jpg has completed
Start downloading Algeria
Downloading of static/Algeria/The_Flag_of_Algeria.svg with link https://upload.wikimedia.org/wikipedia/commons/7/77/Flag_of_Algeria.svg has completed
Downloading of static/Algeria/The_Coat_Of_Arms_of_Algeria.svg with link https://upload.wikimedia.org/wikipedia/commons/d/df/Emblem_of_Algeria.svg has completed
Downloading of static/Algeria/The_Map_of_Algeria.svg with link https://upload.wikimedia.org/wikipedia/commons/2/23/Algeria_%28centered_orthographic_projection%29.svg has completed
Start downloading American Samoa
Start downloading Afghanistan
Start downloading Afghanistan
Downloading of static/Afghanistan/The_Flag_of_Afghanistan.svg with link https://upload.wikimedia.org/wikipedia/commons/5/5c/Flag_of_the_Taliban.svg has completed
Downloading of static/Afghanistan/The_Coat_Of_Arms_of_Afghanistan.svg with link https://upload.wikimedia.org/wikipedia/commons/d/d8/Arms_of_the_Islamic_Emirate_of_Afghanistan.svg has completed
Downloading of static/Afghanistan/The_Map_of_Afghanistan.svg with link https://upload.wikimedia.org/wikipedia/commons/1/19/Afghanistan_%28orthographic_projection%29.svg has completed
Start downloading Åland Islands
Start downloading Afghanistan
Downloading of static/Afghanistan/The_Flag_of_Afghanistan.svg with link https://upload.wikimedia.org/wikipedia/commons/5/5c/Flag_of_the_Taliban.svg has completed
Downloading of static/Afghanistan/The_Coat_Of_Arms_of_Afghanistan.svg with link https://upload.wikimedia.org/wikipedia/commons/d/d8/Arms_of_the_Islamic_Emirate_of_Afghanistan.svg has completed
Downloading of static/Afghanistan/The_Map_of_Afghanistan.svg with link https://upload.wikimedia.org/wikipedia/commons/1/19/Afghanistan_%28orthographic_projection%29.svg has completed
Start downloading Åland Islands
Start downloading Afghanistan
Downloading of static/Afghanistan/The_Flag_of_Afghanistan.svg with link https://upload.wikimedia.org/wikipedia/commons/5/5c/Flag_of_the_Taliban.svg has completed
Downloading of static/Afghanistan/The_Coat_Of_Arms_of_Afghanistan.svg with link https://upload.wikimedia.org/wikipedia/commons/d/d8/Arms_of_the_Islamic_Emirate_of_Afghanistan.svg has completed
Downloading of static/Afghanistan/The_Map_of_Afghanistan.svg with link https://upload.wikimedia.org/wikipedia/commons/1/19/Afghanistan_%28orthographic_projection%29.svg has completed
Start downloading Åland Islands
Start downloading Afghanistan
Downloading of static/Afghanistan/The_Flag_of_Afghanistan.svg with link https://upload.wikimedia.org/wikipedia/commons/5/5c/Flag_of_the_Taliban.svg has completed
Downloading of static/Afghanistan/The_Coat_Of_Arms_of_Afghanistan.svg with link https://upload.wikimedia.org/wikipedia/commons/d/d8/Arms_of_the_Islamic_Emirate_of_Afghanistan.svg has completed
Downloading of static/Afghanistan/The_Map_of_Afghanistan.svg with link https://upload.wikimedia.org/wikipedia/commons/1/19/Afghanistan_%28orthographic_projection%29.svg has completed
Start downloading Åland Islands
Start downloading Afghanistan
Downloading of static/Afghanistan/The_Flag_of_Afghanistan.svg with link https://upload.wikimedia.org/wikipedia/commons/5/5c/Flag_of_the_Taliban.svg has completed
Downloading of static/Afghanistan/The_Coat_Of_Arms_of_Afghanistan.svg with link https://upload.wikimedia.org/wikipedia/commons/d/d8/Arms_of_the_Islamic_Emirate_of_Afghanistan.svg has completed
Downloading of static/Afghanistan/The_Map_of_Afghanistan.svg with link https://upload.wikimedia.org/wikipedia/commons/1/19/Afghanistan_%28orthographic_projection%29.svg has completed
Start downloading Aland Islands
Downloading of static/Aland Islands/The_Flag_of_Aland_Islands.svg with link https://upload.wikimedia.org/wikipedia/commons/5/52/Flag_of_%C3%85land.svg has completed
Downloading of static/Aland Islands/The_Coat_Of_Arms_of_Aland_Islands.svg with link https://upload.wikimedia.org/wikipedia/commons/5/52/Coat_of_arms_of_%C3%85land_3.svg has completed
Downloading of static/Aland Islands/The_Map_of_Aland_Islands.svg with link https://upload.wikimedia.org/wikipedia/commons/4/46/Geographisch_delineation_%C3%B6ffver_%C3%85landh.jpg has completed
Start downloading Albania
Downloading of static/Albania/The_Flag_of_Albania.svg with link https://upload.wikimedia.org/wikipedia/commons/3/36/Flag_of_Albania.svg has completed
Downloading of static/Albania/The_Coat_Of_Arms_of_Albania.svg with link https://upload.wikimedia.org/wikipedia/commons/6/6e/Coat_of_arms_of_Albania.svg has completed
Downloading of static/Albania/The_Map_of_Albania.svg with link https://upload.wikimedia.org/wikipedia/commons/e/e4/Location_Albania_Europe.png has completed
Start downloading Algeria
Downloading of static/Algeria/The_Flag_of_Algeria.svg with link https://upload.wikimedia.org/wikipedia/commons/7/77/Flag_of_Algeria.svg has completed
Downloading of static/Algeria/The_Coat_Of_Arms_of_Algeria.svg with link https://upload.wikimedia.org/wikipedia/commons/d/df/Emblem_of_Algeria.svg has completed
Downloading of static/Algeria/The_Map_of_Algeria.svg with link https://upload.wikimedia.org/wikipedia/commons/2/23/Algeria_%28centered_orthographic_projection%29.svg has completed
Start downloading American Samoa
Downloading of static/American Samoa/The_Flag_of_American_Samoa.svg with link https://upload.wikimedia.org/wikipedia/commons/8/87/Flag_of_American_Samoa.svg has completed
Downloading of static/American Samoa/The_Coat_Of_Arms_of_American_Samoa.svg with link https://upload.wikimedia.org/wikipedia/commons/d/df/Seal_of_American_Samoa.svg has completed
Downloading of static/American Samoa/The_Map_of_American_Samoa.svg with link https://upload.wikimedia.org/wikipedia/commons/8/8f/Samoa_islands_2002.gif has completed
Start downloading Andorra
Downloading of static/Andorra/The_Flag_of_Andorra.svg with link https://upload.wikimedia.org/wikipedia/commons/1/19/Flag_of_Andorra.svg has completed
Downloading of static/Andorra/The_Coat_Of_Arms_of_Andorra.svg with link https://upload.wikimedia.org/wikipedia/commons/4/4e/Coat_of_arms_of_Andorra.svg has completed
Downloading of static/Andorra/The_Map_of_Andorra.svg with link https://upload.wikimedia.org/wikipedia/commons/1/12/Location_Andorra_Europe.png has completed
Start downloading Angola
Downloading of static/Angola/The_Flag_of_Angola.svg with link https://upload.wikimedia.org/wikipedia/commons/9/9d/Flag_of_Angola.svg has completed
Downloading of static/Angola/The_Coat_Of_Arms_of_Angola.svg with link https://upload.wikimedia.org/wikipedia/commons/f/ff/Emblem_of_Angola.svg has completed
Downloading of static/Angola/The_Map_of_Angola.svg with link https://upload.wikimedia.org/wikipedia/commons/8/89/Angola_%28orthographic_projection%29.svg has completed
Start downloading Anguilla
Downloading of static/Anguilla/The_Flag_of_Anguilla.svg with link https://upload.wikimedia.org/wikipedia/commons/b/b4/Flag_of_Anguilla.svg has completed
Downloading of static/Anguilla/The_Coat_Of_Arms_of_Anguilla.svg with link https://upload.wikimedia.org/wikipedia/commons/6/67/Coat_of_arms_of_Anguilla.svg has completed
Downloading of static/Anguilla/The_Map_of_Anguilla.svg with link https://upload.wikimedia.org/wikipedia/commons/b/b6/Anguilla_-_Location_Map_%282013%29_-_AIA_-_UNOCHA.svg has completed
Start downloading Antarctica
Downloading of static/Antarctica/The_Flag_of_Antarctica.svg with link https://upload.wikimedia.org/wikipedia/commons/f/f2/Antarctica_%28orthographic_projection%29.svg has completed
Downloading of static/Antarctica/The_Coat_Of_Arms_of_Antarctica.svg with link https://upload.wikimedia.org/wikipedia/commons/e/e0/Antarctica_6400px_from_Blue_Marble.jpg has completed
Downloading of static/Antarctica/The_Map_of_Antarctica.svg with link https://upload.wikimedia.org/wikipedia/commons/4/4b/1657_map_Polus_Antarcticus.jpg has completed
Start downloading Antigua and Barbuda
Downloading of static/Antigua and Barbuda/The_Flag_of_Antigua_and_Barbuda.svg with link https://upload.wikimedia.org/wikipedia/commons/8/89/Flag_of_Antigua_and_Barbuda.svg has completed
Downloading of static/Antigua and Barbuda/The_Coat_Of_Arms_of_Antigua_and_Barbuda.svg with link https://upload.wikimedia.org/wikipedia/commons/3/30/Coat_of_arms_of_Antigua_and_Barbuda.svg has completed
Downloading of static/Antigua and Barbuda/The_Map_of_Antigua_and_Barbuda.svg with link https://upload.wikimedia.org/wikipedia/commons/2/21/ATG_orthographic.svg has completed
Start downloading Argentina
Downloading of static/Argentina/The_Flag_of_Argentina.svg with link https://upload.wikimedia.org/wikipedia/commons/1/1a/Flag_of_Argentina.svg has completed
Downloading of static/Argentina/The_Coat_Of_Arms_of_Argentina.svg with link https://upload.wikimedia.org/wikipedia/commons/f/ff/Coat_of_arms_of_Argentina.svg has completed
Downloading of static/Argentina/The_Map_of_Argentina.svg with link https://upload.wikimedia.org/wikipedia/commons/5/5f/ARG_orthographic_%28%2Ball_claims%29.svg has completed
Start downloading Armenia
Downloading of static/Armenia/The_Flag_of_Armenia.svg with link https://upload.wikimedia.org/wikipedia/commons/2/2f/Flag_of_Armenia.svg has completed
Downloading of static/Armenia/The_Coat_Of_Arms_of_Armenia.svg with link https://upload.wikimedia.org/wikipedia/commons/0/0f/Coat_of_arms_of_Armenia.svg has completed
Downloading of static/Armenia/The_Map_of_Armenia.svg with link https://upload.wikimedia.org/wikipedia/commons/9/96/Armenia_%28orthographic_projection%29.svg has completed
Start downloading Aruba
Downloading of static/Aruba/The_Flag_of_Aruba.svg with link https://upload.wikimedia.org/wikipedia/commons/f/f6/Flag_of_Aruba.svg has completed
Downloading of static/Aruba/The_Coat_Of_Arms_of_Aruba.svg with link https://upload.wikimedia.org/wikipedia/commons/6/6c/Aruba_wapen.svg has completed
Downloading of static/Aruba/The_Map_of_Aruba.svg with link https://upload.wikimedia.org/wikipedia/commons/a/a5/Aruba_World_Wind.jpg has completed
Start downloading Australia
Downloading of static/Australia/The_Flag_of_Australia.svg with link https://upload.wikimedia.org/wikipedia/commons/8/88/Flag_of_Australia_%28converted%29.svg has completed
Downloading of static/Australia/The_Coat_Of_Arms_of_Australia.svg with link https://upload.wikimedia.org/wikipedia/commons/f/f8/Coat_of_Arms_of_Australia.svg has completed
Downloading of static/Australia/The_Map_of_Australia.svg with link https://upload.wikimedia.org/wikipedia/commons/d/da/Australia_with_AAT_%28orthographic_projection%29.svg has completed
Start downloading Austria
Downloading of static/Austria/The_Flag_of_Austria.svg with link https://upload.wikimedia.org/wikipedia/commons/4/41/Flag_of_Austria.svg has completed
Downloading of static/Austria/The_Coat_Of_Arms_of_Austria.svg with link https://upload.wikimedia.org/wikipedia/commons/a/a0/Austria_Bundesadler.svg has completed
Downloading of static/Austria/The_Map_of_Austria.svg with link https://upload.wikimedia.org/wikipedia/commons/3/38/EU-Austria_%28orthographic_projection%29.svg has completed
Start downloading Azerbaijan
Downloading of static/Azerbaijan/The_Flag_of_Azerbaijan.svg with link https://upload.wikimedia.org/wikipedia/commons/d/dd/Flag_of_Azerbaijan.svg has completed
Downloading of static/Azerbaijan/The_Coat_Of_Arms_of_Azerbaijan.svg with link https://upload.wikimedia.org/wikipedia/commons/6/6b/Emblem_of_Azerbaijan.svg has completed
Downloading of static/Azerbaijan/The_Map_of_Azerbaijan.svg with link https://upload.wikimedia.org/wikipedia/commons/7/75/Azerbaijan_orthographic_projection.svg has completed
Start downloading Bahamas
Downloading of static/Bahamas/The_Flag_of_Bahamas.svg with link https://upload.wikimedia.org/wikipedia/commons/9/93/Flag_of_the_Bahamas.svg has completed
Downloading of static/Bahamas/The_Coat_Of_Arms_of_Bahamas.svg with link https://upload.wikimedia.org/wikipedia/commons/5/56/Coat_of_Arms_of_The_Bahamas.svg has completed
Downloading of static/Bahamas/The_Map_of_Bahamas.svg with link https://upload.wikimedia.org/wikipedia/commons/7/7a/Bahamas%2C_The-CIA_WFB_Map.png has completed
Start downloading Bahrain
Downloading of static/Bahrain/The_Flag_of_Bahrain.svg with link https://upload.wikimedia.org/wikipedia/commons/2/2c/Flag_of_Bahrain.svg has completed
Downloading of static/Bahrain/The_Coat_Of_Arms_of_Bahrain.svg with link https://upload.wikimedia.org/wikipedia/commons/6/6d/Emblem_of_Bahrain.svg has completed
Downloading of static/Bahrain/The_Map_of_Bahrain.svg with link https://upload.wikimedia.org/wikipedia/commons/8/83/Map_of_Bahrain.svg has completed
Start downloading Bangladesh
Downloading of static/Bangladesh/The_Flag_of_Bangladesh.svg with link https://upload.wikimedia.org/wikipedia/commons/f/f9/Flag_of_Bangladesh.svg has completed
Downloading of static/Bangladesh/The_Coat_Of_Arms_of_Bangladesh.svg with link https://upload.wikimedia.org/wikipedia/commons/8/81/National_emblem_of_Bangladesh.svg has completed
Downloading of static/Bangladesh/The_Map_of_Bangladesh.svg with link https://upload.wikimedia.org/wikipedia/commons/f/f2/Bangladesh_%28orthographic_projection%29.svg has completed
Start downloading Barbados
Downloading of static/Barbados/The_Flag_of_Barbados.svg with link https://upload.wikimedia.org/wikipedia/commons/e/ef/Flag_of_Barbados.svg has completed
Downloading of static/Barbados/The_Coat_Of_Arms_of_Barbados.svg with link https://upload.wikimedia.org/wikipedia/commons/1/1b/Coat_of_arms_of_Barbados_%283%29.svg has completed
Downloading of static/Barbados/The_Map_of_Barbados.svg with link https://upload.wikimedia.org/wikipedia/commons/a/a1/BRB_orthographic.svg has completed
Start downloading Belarus
Downloading of static/Belarus/The_Flag_of_Belarus.svg with link https://upload.wikimedia.org/wikipedia/commons/8/85/Flag_of_Belarus.svg has completed
Downloading of static/Belarus/The_Coat_Of_Arms_of_Belarus.svg with link https://upload.wikimedia.org/wikipedia/commons/4/48/Coat_of_arms_of_Belarus_%282020%E2%80%93present%29.svg has completed
Downloading of static/Belarus/The_Map_of_Belarus.svg with link https://upload.wikimedia.org/wikipedia/commons/7/70/Europe-Belarus_%28orthographic_projection%29.svg has completed
Start downloading Belgium
Downloading of static/Belgium/The_Flag_of_Belgium.svg with link https://upload.wikimedia.org/wikipedia/commons/6/65/Flag_of_Belgium.svg has completed
Downloading of static/Belgium/The_Coat_Of_Arms_of_Belgium.svg with link https://upload.wikimedia.org/wikipedia/commons/f/f1/Great_coat_of_arms_of_Belgium.svg has completed
Downloading of static/Belgium/The_Map_of_Belgium.svg with link https://upload.wikimedia.org/wikipedia/commons/7/79/Belgium_%28orthographic_projection%29.svg has completed
Start downloading Belize
Downloading of static/Belize/The_Flag_of_Belize.svg with link https://upload.wikimedia.org/wikipedia/commons/e/e7/Flag_of_Belize.svg has completed
Downloading of static/Belize/The_Coat_Of_Arms_of_Belize.svg with link https://upload.wikimedia.org/wikipedia/commons/d/dd/Coat_of_arms_of_Belize.svg has completed
Downloading of static/Belize/The_Map_of_Belize.svg with link https://upload.wikimedia.org/wikipedia/commons/4/43/BLZ_orthographic.svg has completed
Start downloading Benin
Downloading of static/Benin/The_Flag_of_Benin.svg with link https://upload.wikimedia.org/wikipedia/commons/0/0a/Flag_of_Benin.svg has completed
Downloading of static/Benin/The_Coat_Of_Arms_of_Benin.svg with link https://upload.wikimedia.org/wikipedia/commons/1/13/Coat_of_arms_of_Benin.svg has completed
Downloading of static/Benin/The_Map_of_Benin.svg with link https://upload.wikimedia.org/wikipedia/commons/0/01/Benin_%28orthographic_projection_with_inset%29.svg has completed
Start downloading Bermuda
Downloading of static/Bermuda/The_Flag_of_Bermuda.svg with link https://upload.wikimedia.org/wikipedia/commons/b/bf/Flag_of_Bermuda.svg has completed
Downloading of static/Bermuda/The_Coat_Of_Arms_of_Bermuda.svg with link https://upload.wikimedia.org/wikipedia/commons/5/58/Coat_of_arms_of_Bermuda.svg has completed
Downloading of static/Bermuda/The_Map_of_Bermuda.svg with link https://upload.wikimedia.org/wikipedia/commons/3/32/Bermuda_in_United_Kingdom.svg has completed
Start downloading Bhutan
Downloading of static/Bhutan/The_Flag_of_Bhutan.svg with link https://upload.wikimedia.org/wikipedia/commons/9/91/Flag_of_Bhutan.svg has completed
Downloading of static/Bhutan/The_Coat_Of_Arms_of_Bhutan.svg with link https://upload.wikimedia.org/wikipedia/commons/e/eb/Emblem_of_Bhutan.svg has completed
Downloading of static/Bhutan/The_Map_of_Bhutan.svg with link https://upload.wikimedia.org/wikipedia/commons/c/ce/Bhutan_%28orthographic_projection%29.svg has completed
Start downloading Bolivia, Plurinational State of
Downloading of static/Bolivia, Plurinational State of/The_Flag_of_Bolivia,_Plurinational_State_of.svg with link https://upload.wikimedia.org/wikipedia/commons/4/48/Flag_of_Bolivia.svg has completed
Downloading of static/Bolivia, Plurinational State of/The_Coat_Of_Arms_of_Bolivia,_Plurinational_State_of.svg with link https://upload.wikimedia.org/wikipedia/commons/b/b6/Escudo_de_Bolivia.svg has completed
Downloading of static/Bolivia, Plurinational State of/The_Map_of_Bolivia,_Plurinational_State_of.svg with link https://upload.wikimedia.org/wikipedia/commons/8/83/BOL_orthographic.svg has completed
Start downloading Bonaire, Sint Eustatius and Saba
Downloading of static/Bonaire, Sint Eustatius and Saba/The_Flag_of_Bonaire,_Sint_Eustatius_and_Saba.svg with link https://upload.wikimedia.org/wikipedia/commons/2/20/Flag_of_the_Netherlands.svg has completed
Downloading of static/Bonaire, Sint Eustatius and Saba/The_Coat_Of_Arms_of_Bonaire,_Sint_Eustatius_and_Saba.svg with link https://upload.wikimedia.org/wikipedia/commons/c/cf/Bonaire_wapen.svg has completed
Downloading of static/Bonaire, Sint Eustatius and Saba/The_Map_of_Bonaire,_Sint_Eustatius_and_Saba.svg with link https://upload.wikimedia.org/wikipedia/commons/f/f8/Saba_wapen.svg has completed
Start downloading Bosnia and Herzegovina
Downloading of static/Bosnia and Herzegovina/The_Flag_of_Bosnia_and_Herzegovina.svg with link https://upload.wikimedia.org/wikipedia/commons/b/bf/Flag_of_Bosnia_and_Herzegovina.svg has completed
Downloading of static/Bosnia and Herzegovina/The_Coat_Of_Arms_of_Bosnia_and_Herzegovina.svg with link https://upload.wikimedia.org/wikipedia/commons/d/d4/Coat_of_arms_of_Bosnia_and_Herzegovina.svg has completed
Downloading of static/Bosnia and Herzegovina/The_Map_of_Bosnia_and_Herzegovina.svg with link https://upload.wikimedia.org/wikipedia/commons/1/1d/NHM_-_Bandin_Fahrzeug_mit_V%C3%B6geln.jpg has completed
Start downloading Botswana
Downloading of static/Botswana/The_Flag_of_Botswana.svg with link https://upload.wikimedia.org/wikipedia/commons/f/fa/Flag_of_Botswana.svg has completed
Downloading of static/Botswana/The_Coat_Of_Arms_of_Botswana.svg with link https://upload.wikimedia.org/wikipedia/commons/d/de/Coat_of_arms_of_Botswana.svg has completed
Downloading of static/Botswana/The_Map_of_Botswana.svg with link https://upload.wikimedia.org/wikipedia/commons/7/79/Botswana_%28centered_orthographic_projection%29.svg has completed
Start downloading Bouvet Island
Downloading of static/Bouvet Island/The_Flag_of_Bouvet_Island.svg with link https://upload.wikimedia.org/wikipedia/commons/7/73/Bouvet_Island_on_the_globe_%28Antarctica_centered%29.svg has completed
Downloading of static/Bouvet Island/The_Coat_Of_Arms_of_Bouvet_Island.svg with link https://upload.wikimedia.org/wikipedia/commons/4/44/Bouvet_island_0.jpg has completed
Downloading of static/Bouvet Island/The_Map_of_Bouvet_Island.svg with link https://upload.wikimedia.org/wikipedia/commons/7/7f/Cape_Circoncision_-_Bouvet_Island.jpg has completed
Start downloading Brazil
Downloading of static/Brazil/The_Flag_of_Brazil.svg with link https://upload.wikimedia.org/wikipedia/en/0/05/Flag_of_Brazil.svg has completed
Downloading of static/Brazil/The_Coat_Of_Arms_of_Brazil.svg with link https://upload.wikimedia.org/wikipedia/commons/b/bf/Coat_of_arms_of_Brazil.svg has completed
Downloading of static/Brazil/The_Map_of_Brazil.svg with link https://upload.wikimedia.org/wikipedia/commons/b/bc/BRA_orthographic.svg has completed
Start downloading British Indian Ocean Territory
Downloading of static/British Indian Ocean Territory/The_Flag_of_British_Indian_Ocean_Territory.svg with link https://upload.wikimedia.org/wikipedia/commons/6/65/Flag_of_the_Commissioner_of_the_British_Indian_Ocean_Territory.svg has completed
Downloading of static/British Indian Ocean Territory/The_Coat_Of_Arms_of_British_Indian_Ocean_Territory.svg with link https://upload.wikimedia.org/wikipedia/commons/a/a5/Coat_of_arms_of_the_British_Indian_Ocean_Territory.svg has completed
Downloading of static/British Indian Ocean Territory/The_Map_of_British_Indian_Ocean_Territory.svg with link https://upload.wikimedia.org/wikipedia/commons/6/6d/Diplomatic_Cable_signed_by_D.A._Greenhill%2C_dated_August_24%2C_1966.jpg has completed
Start downloading Brunei Darussalam
Downloading of static/Brunei Darussalam/The_Flag_of_Brunei_Darussalam.svg with link https://upload.wikimedia.org/wikipedia/commons/9/9c/Flag_of_Brunei.svg has completed
Downloading of static/Brunei Darussalam/The_Coat_Of_Arms_of_Brunei_Darussalam.svg with link https://upload.wikimedia.org/wikipedia/commons/0/09/Emblem_of_Brunei.svg has completed
Downloading of static/Brunei Darussalam/The_Map_of_Brunei_Darussalam.svg with link https://upload.wikimedia.org/wikipedia/commons/9/9c/Brunei_%28orthographic_projection%29.svg has completed
Start downloading Bulgaria
Downloading of static/Bulgaria/The_Flag_of_Bulgaria.svg with link https://upload.wikimedia.org/wikipedia/commons/9/9a/Flag_of_Bulgaria.svg has completed
Downloading of static/Bulgaria/The_Coat_Of_Arms_of_Bulgaria.svg with link https://upload.wikimedia.org/wikipedia/commons/2/24/Coat_of_arms_of_Bulgaria.svg has completed
Downloading of static/Bulgaria/The_Map_of_Bulgaria.svg with link https://upload.wikimedia.org/wikipedia/commons/9/95/Sofia_-_Odrysian_Wreath_from_Golyamata_Mogila.jpg has completed
Start downloading Burkina Faso
Downloading of static/Burkina Faso/The_Flag_of_Burkina_Faso.svg with link https://upload.wikimedia.org/wikipedia/commons/3/31/Flag_of_Burkina_Faso.svg has completed
Downloading of static/Burkina Faso/The_Coat_Of_Arms_of_Burkina_Faso.svg with link https://upload.wikimedia.org/wikipedia/commons/9/96/Coat_of_arms_of_Burkina_Faso.svg has completed
Downloading of static/Burkina Faso/The_Map_of_Burkina_Faso.svg with link https://upload.wikimedia.org/wikipedia/commons/8/86/Burkina_Faso_%28orthographic_projection%29.svg has completed
Start downloading Burundi
Downloading of static/Burundi/The_Flag_of_Burundi.svg with link https://upload.wikimedia.org/wikipedia/commons/5/50/Flag_of_Burundi.svg has completed
Downloading of static/Burundi/The_Coat_Of_Arms_of_Burundi.svg with link https://upload.wikimedia.org/wikipedia/commons/f/fd/Coat_of_arms_of_Burundi.svg has completed
Downloading of static/Burundi/The_Map_of_Burundi.svg with link https://upload.wikimedia.org/wikipedia/commons/2/27/Burundi_%28orthographic_projection%29.svg has completed
Start downloading Cabo Verde
Downloading of static/Cabo Verde/The_Flag_of_Cabo_Verde.svg with link https://upload.wikimedia.org/wikipedia/commons/3/38/Flag_of_Cape_Verde.svg has completed
Downloading of static/Cabo Verde/The_Coat_Of_Arms_of_Cabo_Verde.svg with link https://upload.wikimedia.org/wikipedia/commons/c/ce/Coat_of_arms_of_Cape_Verde.svg has completed
Downloading of static/Cabo Verde/The_Map_of_Cabo_Verde.svg with link https://upload.wikimedia.org/wikipedia/commons/4/47/Cape_Verde_%28orthographic_projection%29.svg has completed
Start downloading Cambodia
Downloading of static/Cambodia/The_Flag_of_Cambodia.svg with link https://upload.wikimedia.org/wikipedia/commons/8/83/Flag_of_Cambodia.svg has completed
Downloading of static/Cambodia/The_Coat_Of_Arms_of_Cambodia.svg with link https://upload.wikimedia.org/wikipedia/commons/1/1e/Royal_arms_of_Cambodia.svg has completed
Downloading of static/Cambodia/The_Map_of_Cambodia.svg with link https://upload.wikimedia.org/wikipedia/commons/9/91/Location_Cambodia_ASEAN.svg has completed
Start downloading Cameroon
Downloading of static/Cameroon/The_Flag_of_Cameroon.svg with link https://upload.wikimedia.org/wikipedia/commons/4/4f/Flag_of_Cameroon.svg has completed
Downloading of static/Cameroon/The_Coat_Of_Arms_of_Cameroon.svg with link https://upload.wikimedia.org/wikipedia/commons/b/b5/Coat_of_arms_of_Cameroon.svg has completed
Downloading of static/Cameroon/The_Map_of_Cameroon.svg with link https://upload.wikimedia.org/wikipedia/commons/b/b4/Cameroon_%28orthographic_projection%29.svg has completed
Start downloading Canada
Downloading of static/Canada/The_Flag_of_Canada.svg with link https://upload.wikimedia.org/wikipedia/commons/d/d9/Flag_of_Canada_%28Pantone%29.svg has completed
Downloading of static/Canada/The_Coat_Of_Arms_of_Canada.svg with link https://upload.wikimedia.org/wikipedia/en/4/4f/Coat_of_arms_of_Canada.svg has completed
Downloading of static/Canada/The_Map_of_Canada.svg with link https://upload.wikimedia.org/wikipedia/commons/6/67/CAN_orthographic.svg has completed
Start downloading Cayman Islands
Downloading of static/Cayman Islands/The_Flag_of_Cayman_Islands.svg with link https://upload.wikimedia.org/wikipedia/commons/0/0f/Flag_of_the_Cayman_Islands.svg has completed
Downloading of static/Cayman Islands/The_Coat_Of_Arms_of_Cayman_Islands.svg with link https://upload.wikimedia.org/wikipedia/commons/6/60/Coat_of_arms_of_the_Cayman_Islands.svg has completed
Downloading of static/Cayman Islands/The_Map_of_Cayman_Islands.svg with link https://upload.wikimedia.org/wikipedia/commons/6/6f/PAT_-_Cayman_Islands.gif has completed
Start downloading Central African Republic
Downloading of static/Central African Republic/The_Flag_of_Central_African_Republic.svg with link https://upload.wikimedia.org/wikipedia/commons/6/6f/Flag_of_the_Central_African_Republic.svg has completed
Downloading of static/Central African Republic/The_Coat_Of_Arms_of_Central_African_Republic.svg with link https://upload.wikimedia.org/wikipedia/commons/0/0a/Coat_of_arms_of_the_Central_African_Republic.svg has completed
Downloading of static/Central African Republic/The_Map_of_Central_African_Republic.svg with link https://upload.wikimedia.org/wikipedia/commons/a/a2/Central_African_Republic_%28centered_orthographic_projection%29.svg has completed
Start downloading Chad
Downloading of static/Chad/The_Flag_of_Chad.svg with link https://upload.wikimedia.org/wikipedia/commons/4/4b/Flag_of_Chad.svg has completed
Downloading of static/Chad/The_Coat_Of_Arms_of_Chad.svg with link https://upload.wikimedia.org/wikipedia/commons/c/c1/Coat_of_arms_of_Chad.svg has completed
Downloading of static/Chad/The_Map_of_Chad.svg with link https://upload.wikimedia.org/wikipedia/commons/4/46/Chad_%28orthographic_projection%29.svg has completed
Start downloading Chile
Downloading of static/Chile/The_Flag_of_Chile.svg with link https://upload.wikimedia.org/wikipedia/commons/7/78/Flag_of_Chile.svg has completed
Downloading of static/Chile/The_Coat_Of_Arms_of_Chile.svg with link https://upload.wikimedia.org/wikipedia/commons/0/0e/Coat_of_arms_of_Chile_%28c%29.svg has completed
Downloading of static/Chile/The_Map_of_Chile.svg with link https://upload.wikimedia.org/wikipedia/commons/c/cc/CHL_orthographic_%28%2Ball_claims%29.svg has completed
Start downloading China
Downloading of static/China/The_Flag_of_China.svg with link https://upload.wikimedia.org/wikipedia/commons/f/fa/Flag_of_the_People%27s_Republic_of_China.svg has completed
Downloading of static/China/The_Coat_Of_Arms_of_China.svg with link https://upload.wikimedia.org/wikipedia/commons/a/ab/National_Emblem_of_the_People%27s_Republic_of_China_%282%29.svg has completed
Downloading of static/China/The_Map_of_China.svg with link https://upload.wikimedia.org/wikipedia/commons/a/a4/CHN_orthographic.svg has completed
Start downloading Christmas Island
Downloading of static/Christmas Island/The_Flag_of_Christmas_Island.svg with link https://upload.wikimedia.org/wikipedia/commons/6/67/Flag_of_Christmas_Island.svg has completed
Downloading of static/Christmas Island/The_Coat_Of_Arms_of_Christmas_Island.svg with link https://upload.wikimedia.org/wikipedia/commons/6/6c/Australia_on_the_globe_%28Christmas_Island_special%29_%28Southeast_Asia_centered%29.svg has completed
Downloading of static/Christmas Island/The_Map_of_Christmas_Island.svg with link https://upload.wikimedia.org/wikipedia/commons/f/f5/Flying_Fish_Cove_at_Christmas_Island.jpg has completed
Start downloading Cocos (Keeling) Islands
Downloading of static/Cocos (Keeling) Islands/The_Flag_of_Cocos_(Keeling)_Islands.svg with link https://upload.wikimedia.org/wikipedia/commons/7/74/Flag_of_the_Cocos_%28Keeling%29_Islands.svg has completed
Downloading of static/Cocos (Keeling) Islands/The_Coat_Of_Arms_of_Cocos_(Keeling)_Islands.svg with link https://upload.wikimedia.org/wikipedia/commons/d/dc/Australia_on_the_globe_%28Cocos_%28Keeling%29_Islands_special%29_%28Southeast_Asia_centered%29.svg has completed
Downloading of static/Cocos (Keeling) Islands/The_Map_of_Cocos_(Keeling)_Islands.svg with link https://upload.wikimedia.org/wikipedia/commons/4/45/Cocos_%28Keeling%29_Islands-CIA_WFB_Map.png has completed
Start downloading Colombia
Downloading of static/Colombia/The_Flag_of_Colombia.svg with link https://upload.wikimedia.org/wikipedia/commons/2/21/Flag_of_Colombia.svg has completed
Downloading of static/Colombia/The_Coat_Of_Arms_of_Colombia.svg with link https://upload.wikimedia.org/wikipedia/commons/e/ef/Coat_of_arms_of_Colombia.svg has completed
Downloading of static/Colombia/The_Map_of_Colombia.svg with link https://upload.wikimedia.org/wikipedia/commons/c/ca/COL_orthographic_%28San_Andr%C3%A9s_and_Providencia_special%29.svg has completed
Start downloading Comoros
Downloading of static/Comoros/The_Flag_of_Comoros.svg with link https://upload.wikimedia.org/wikipedia/commons/9/94/Flag_of_the_Comoros.svg has completed
Downloading of static/Comoros/The_Coat_Of_Arms_of_Comoros.svg with link https://upload.wikimedia.org/wikipedia/commons/8/8c/Seal_of_the_Comoros.svg has completed
Downloading of static/Comoros/The_Map_of_Comoros.svg with link https://upload.wikimedia.org/wikipedia/commons/a/ad/Comoros_%28orthographic_projection%29.svg has completed
Start downloading Congo
Start downloading Afghanistan
Downloading of static/Afghanistan/The_Flag_of_Afghanistan with link https://upload.wikimedia.org/wikipedia/commons/5/5c/Flag_of_the_Taliban.svg has completed
Downloading of static/Afghanistan/The_Coat_Of_Arms_of_Afghanistan with link https://upload.wikimedia.org/wikipedia/commons/d/d8/Arms_of_the_Islamic_Emirate_of_Afghanistan.svg has completed
Downloading of static/Afghanistan/The_Map_of_Afghanistan with link https://upload.wikimedia.org/wikipedia/commons/1/19/Afghanistan_%28orthographic_projection%29.svg has completed
Start downloading Aland Islands
Downloading of static/Aland Islands/The_Flag_of_Aland_Islands with link https://upload.wikimedia.org/wikipedia/commons/5/52/Flag_of_%C3%85land.svg has completed
Start downloading Afghanistan
Downloading of static/Afghanistan/The_Flag_of_Afghanistan with link https://upload.wikimedia.org/wikipedia/commons/5/5c/Flag_of_the_Taliban.svg has completed
Downloading of static/Afghanistan/The_Coat_Of_Arms_of_Afghanistan with link https://upload.wikimedia.org/wikipedia/commons/d/d8/Arms_of_the_Islamic_Emirate_of_Afghanistan.svg has completed
Downloading of static/Afghanistan/The_Map_of_Afghanistan with link https://upload.wikimedia.org/wikipedia/commons/1/19/Afghanistan_%28orthographic_projection%29.svg has completed
Start downloading Aland Islands
Downloading of static/Aland Islands/The_Flag_of_Aland_Islands with link https://upload.wikimedia.org/wikipedia/commons/5/52/Flag_of_%C3%85land.svg has completed
Downloading of static/Aland Islands/The_Coat_Of_Arms_of_Aland_Islands with link https://upload.wikimedia.org/wikipedia/commons/5/52/Coat_of_arms_of_%C3%85land_3.svg has completed
Downloading of static/Aland Islands/The_Map_of_Aland_Islands with link https://upload.wikimedia.org/wikipedia/commons/4/46/Geographisch_delineation_%C3%B6ffver_%C3%85landh.jpg has completed
Start downloading Albania
Start downloading Afghanistan
Downloading of static/Afghanistan/The_Flag_of_Afghanistan with link https://upload.wikimedia.org/wikipedia/commons/5/5c/Flag_of_the_Taliban.svg has completed
Downloading of static/Afghanistan/The_Coat_Of_Arms_of_Afghanistan with link https://upload.wikimedia.org/wikipedia/commons/d/d8/Arms_of_the_Islamic_Emirate_of_Afghanistan.svg has completed
Downloading of static/Afghanistan/The_Map_of_Afghanistan with link https://upload.wikimedia.org/wikipedia/commons/1/19/Afghanistan_%28orthographic_projection%29.svg has completed
Start downloading Aland Islands
Downloading of static/Aland Islands/The_Flag_of_Aland_Islands with link https://upload.wikimedia.org/wikipedia/commons/5/52/Flag_of_%C3%85land.svg has completed
Downloading of static/Aland Islands/The_Coat_Of_Arms_of_Aland_Islands with link https://upload.wikimedia.org/wikipedia/commons/5/52/Coat_of_arms_of_%C3%85land_3.svg has completed
Downloading of static/Aland Islands/The_Map_of_Aland_Islands with link https://upload.wikimedia.org/wikipedia/commons/4/46/Geographisch_delineation_%C3%B6ffver_%C3%85landh.jpg has completed
Start downloading Albania
Downloading of static/Albania/The_Flag_of_Albania with link https://upload.wikimedia.org/wikipedia/commons/3/36/Flag_of_Albania.svg has completed
Downloading of static/Albania/The_Coat_Of_Arms_of_Albania with link https://upload.wikimedia.org/wikipedia/commons/6/6e/Coat_of_arms_of_Albania.svg has completed
Downloading of static/Albania/The_Map_of_Albania with link https://upload.wikimedia.org/wikipedia/commons/e/e4/Location_Albania_Europe.png has completed
Start downloading Algeria
Downloading of static/Algeria/The_Flag_of_Algeria with link https://upload.wikimedia.org/wikipedia/commons/7/77/Flag_of_Algeria.svg has completed
Downloading of static/Algeria/The_Coat_Of_Arms_of_Algeria with link https://upload.wikimedia.org/wikipedia/commons/d/df/Emblem_of_Algeria.svg has completed
Downloading of static/Algeria/The_Map_of_Algeria with link https://upload.wikimedia.org/wikipedia/commons/2/23/Algeria_%28centered_orthographic_projection%29.svg has completed
Start downloading American Samoa
Start downloading Afghanistan
Wasn't able to download The_Flag_of_Afghanistan with link https://upload.wikimedia.org/wikipedia/commons/5/5c/Flag_of_the_Taliban.svg
Wasn't able to download The_Coat_Of_Arms_of_Afghanistan with link https://upload.wikimedia.org/wikipedia/commons/d/d8/Arms_of_the_Islamic_Emirate_of_Afghanistan.svg
Wasn't able to download The_Map_of_Afghanistan with link https://upload.wikimedia.org/wikipedia/commons/1/19/Afghanistan_%28orthographic_projection%29.svg
Start downloading Aland Islands
Wasn't able to download The_Flag_of_Aland_Islands with link https://upload.wikimedia.org/wikipedia/commons/5/52/Flag_of_%C3%85land.svg
Wasn't able to download The_Coat_Of_Arms_of_Aland_Islands with link https://upload.wikimedia.org/wikipedia/commons/5/52/Coat_of_arms_of_%C3%85land_3.svg
Wasn't able to download The_Map_of_Aland_Islands with link https://upload.wikimedia.org/wikipedia/commons/4/46/Geographisch_delineation_%C3%B6ffver_%C3%85landh.jpg
Start downloading Albania
Wasn't able to download The_Flag_of_Albania with link https://upload.wikimedia.org/wikipedia/commons/3/36/Flag_of_Albania.svg
Wasn't able to download The_Coat_Of_Arms_of_Albania with link https://upload.wikimedia.org/wikipedia/commons/6/6e/Coat_of_arms_of_Albania.svg
Wasn't able to download The_Map_of_Albania with link https://upload.wikimedia.org/wikipedia/commons/e/e4/Location_Albania_Europe.png
Start downloading Algeria
Wasn't able to download The_Flag_of_Algeria with link https://upload.wikimedia.org/wikipedia/commons/7/77/Flag_of_Algeria.svg
Wasn't able to download The_Coat_Of_Arms_of_Algeria with link https://upload.wikimedia.org/wikipedia/commons/d/df/Emblem_of_Algeria.svg
Wasn't able to download The_Map_of_Algeria with link https://upload.wikimedia.org/wikipedia/commons/2/23/Algeria_%28centered_orthographic_projection%29.svg
Start downloading American Samoa
Start downloading Afghanistan
Downloading of static/Afghanistan/The_Flag_of_Afghanistan.svg with link https://upload.wikimedia.org/wikipedia/commons/5/5c/Flag_of_the_Taliban.svg has completed
Downloading of static/Afghanistan/The_Coat_Of_Arms_of_Afghanistan.svg with link https://upload.wikimedia.org/wikipedia/commons/d/d8/Arms_of_the_Islamic_Emirate_of_Afghanistan.svg has completed
Downloading of static/Afghanistan/The_Map_of_Afghanistan.svg with link https://upload.wikimedia.org/wikipedia/commons/1/19/Afghanistan_%28orthographic_projection%29.svg has completed
Start downloading Aland Islands
Downloading of static/Aland Islands/The_Flag_of_Aland_Islands.svg with link https://upload.wikimedia.org/wikipedia/commons/5/52/Flag_of_%C3%85land.svg has completed
Downloading of static/Aland Islands/The_Coat_Of_Arms_of_Aland_Islands.svg with link https://upload.wikimedia.org/wikipedia/commons/5/52/Coat_of_arms_of_%C3%85land_3.svg has completed
Downloading of static/Aland Islands/The_Map_of_Aland_Islands.jpg with link https://upload.wikimedia.org/wikipedia/commons/4/46/Geographisch_delineation_%C3%B6ffver_%C3%85landh.jpg has completed
Start downloading Albania
Downloading of static/Albania/The_Flag_of_Albania.svg with link https://upload.wikimedia.org/wikipedia/commons/3/36/Flag_of_Albania.svg has completed
Downloading of static/Albania/The_Coat_Of_Arms_of_Albania.svg with link https://upload.wikimedia.org/wikipedia/commons/6/6e/Coat_of_arms_of_Albania.svg has completed
Downloading of static/Albania/The_Map_of_Albania.png with link https://upload.wikimedia.org/wikipedia/commons/e/e4/Location_Albania_Europe.png has completed
Start downloading Algeria
Downloading of static/Algeria/The_Flag_of_Algeria.svg with link https://upload.wikimedia.org/wikipedia/commons/7/77/Flag_of_Algeria.svg has completed
Downloading of static/Algeria/The_Coat_Of_Arms_of_Algeria.svg with link https://upload.wikimedia.org/wikipedia/commons/d/df/Emblem_of_Algeria.svg has completed
Downloading of static/Algeria/The_Map_of_Algeria.svg with link https://upload.wikimedia.org/wikipedia/commons/2/23/Algeria_%28centered_orthographic_projection%29.svg has completed
Start downloading American Samoa
Downloading of static/American Samoa/The_Flag_of_American_Samoa.svg with link https://upload.wikimedia.org/wikipedia/commons/8/87/Flag_of_American_Samoa.svg has completed
Downloading of static/American Samoa/The_Coat_Of_Arms_of_American_Samoa.svg with link https://upload.wikimedia.org/wikipedia/commons/d/df/Seal_of_American_Samoa.svg has completed
Downloading of static/American Samoa/The_Map_of_American_Samoa.gif with link https://upload.wikimedia.org/wikipedia/commons/8/8f/Samoa_islands_2002.gif has completed
Start downloading Andorra
Downloading of static/Andorra/The_Flag_of_Andorra.svg with link https://upload.wikimedia.org/wikipedia/commons/1/19/Flag_of_Andorra.svg has completed
Downloading of static/Andorra/The_Coat_Of_Arms_of_Andorra.svg with link https://upload.wikimedia.org/wikipedia/commons/4/4e/Coat_of_arms_of_Andorra.svg has completed
Downloading of static/Andorra/The_Map_of_Andorra.png with link https://upload.wikimedia.org/wikipedia/commons/1/12/Location_Andorra_Europe.png has completed
Start downloading Angola
Downloading of static/Angola/The_Flag_of_Angola.svg with link https://upload.wikimedia.org/wikipedia/commons/9/9d/Flag_of_Angola.svg has completed
Downloading of static/Angola/The_Coat_Of_Arms_of_Angola.svg with link https://upload.wikimedia.org/wikipedia/commons/f/ff/Emblem_of_Angola.svg has completed
Start downloading Afghanistan
Completed downloading of static/Afghanistan/The_Flag_of_Afghanistan.svg with link https://upload.wikimedia.org/wikipedia/commons/5/5c/Flag_of_the_Taliban.svg
Completed downloading of static/Afghanistan/The_Coat_Of_Arms_of_Afghanistan.svg with link https://upload.wikimedia.org/wikipedia/commons/d/d8/Arms_of_the_Islamic_Emirate_of_Afghanistan.svg
Completed downloading of static/Afghanistan/The_Map_of_Afghanistan.svg with link https://upload.wikimedia.org/wikipedia/commons/1/19/Afghanistan_%28orthographic_projection%29.svg
Start downloading Åland Islands
Start downloading Afghanistan
Completed downloading of static/Afghanistan/The_Flag_of_Afghanistan.svg with link https://upload.wikimedia.org/wikipedia/commons/5/5c/Flag_of_the_Taliban.svg
Completed downloading of static/Afghanistan/The_Coat_Of_Arms_of_Afghanistan.svg with link https://upload.wikimedia.org/wikipedia/commons/d/d8/Arms_of_the_Islamic_Emirate_of_Afghanistan.svg
Completed downloading of static/Afghanistan/The_Map_of_Afghanistan.svg with link https://upload.wikimedia.org/wikipedia/commons/1/19/Afghanistan_%28orthographic_projection%29.svg
Start downloading Åland Islands
Start downloading Afghanistan
Completed downloading of static/Afghanistan/The_Flag_of_Afghanistan.svg with link https://upload.wikimedia.org/wikipedia/commons/5/5c/Flag_of_the_Taliban.svg
Completed downloading of static/Afghanistan/The_Coat_Of_Arms_of_Afghanistan.svg with link https://upload.wikimedia.org/wikipedia/commons/d/d8/Arms_of_the_Islamic_Emirate_of_Afghanistan.svg
Completed downloading of static/Afghanistan/The_Map_of_Afghanistan.svg with link https://upload.wikimedia.org/wikipedia/commons/1/19/Afghanistan_%28orthographic_projection%29.svg
Start downloading Åland Islands
Start downloading Afghanistan
Completed downloading of static/Afghanistan/The_Flag_of_Afghanistan.svg with link https://upload.wikimedia.org/wikipedia/commons/5/5c/Flag_of_the_Taliban.svg
Completed downloading of static/Afghanistan/The_Coat_Of_Arms_of_Afghanistan.svg with link https://upload.wikimedia.org/wikipedia/commons/d/d8/Arms_of_the_Islamic_Emirate_of_Afghanistan.svg
Completed downloading of static/Afghanistan/The_Map_of_Afghanistan.svg with link https://upload.wikimedia.org/wikipedia/commons/1/19/Afghanistan_%28orthographic_projection%29.svg
Start downloading Åland Islands
Start downloading Afghanistan
Completed downloading of static/Afghanistan/The_Flag_of_Afghanistan.svg with link https://upload.wikimedia.org/wikipedia/commons/5/5c/Flag_of_the_Taliban.svg
Completed downloading of static/Afghanistan/The_Coat_Of_Arms_of_Afghanistan.svg with link https://upload.wikimedia.org/wikipedia/commons/d/d8/Arms_of_the_Islamic_Emirate_of_Afghanistan.svg
Completed downloading of static/Afghanistan/The_Map_of_Afghanistan.svg with link https://upload.wikimedia.org/wikipedia/commons/1/19/Afghanistan_%28orthographic_projection%29.svg
Start downloading Albania
Completed downloading of static/Albania/The_Flag_of_Albania.svg with link https://upload.wikimedia.org/wikipedia/commons/3/36/Flag_of_Albania.svg
Completed downloading of static/Albania/The_Coat_Of_Arms_of_Albania.svg with link https://upload.wikimedia.org/wikipedia/commons/6/6e/Coat_of_arms_of_Albania.svg
Completed downloading of static/Albania/The_Map_of_Albania.png with link https://upload.wikimedia.org/wikipedia/commons/e/e4/Location_Albania_Europe.png
Start downloading Algeria
Completed downloading of static/Algeria/The_Flag_of_Algeria.svg with link https://upload.wikimedia.org/wikipedia/commons/7/77/Flag_of_Algeria.svg
Completed downloading of static/Algeria/The_Coat_Of_Arms_of_Algeria.svg with link https://upload.wikimedia.org/wikipedia/commons/d/df/Emblem_of_Algeria.svg
Completed downloading of static/Algeria/The_Map_of_Algeria.svg with link https://upload.wikimedia.org/wikipedia/commons/2/23/Algeria_%28centered_orthographic_projection%29.svg
Start downloading American Samoa
Completed downloading of static/American Samoa/The_Flag_of_American_Samoa.svg with link https://upload.wikimedia.org/wikipedia/commons/8/87/Flag_of_American_Samoa.svg
Completed downloading of static/American Samoa/The_Coat_Of_Arms_of_American_Samoa.svg with link https://upload.wikimedia.org/wikipedia/commons/d/df/Seal_of_American_Samoa.svg
Completed downloading of static/American Samoa/The_Map_of_American_Samoa.gif with link https://upload.wikimedia.org/wikipedia/commons/8/8f/Samoa_islands_2002.gif
Start downloading Andorra
Completed downloading of static/Andorra/The_Flag_of_Andorra.svg with link https://upload.wikimedia.org/wikipedia/commons/1/19/Flag_of_Andorra.svg
Completed downloading of static/Andorra/The_Coat_Of_Arms_of_Andorra.svg with link https://upload.wikimedia.org/wikipedia/commons/4/4e/Coat_of_arms_of_Andorra.svg
Completed downloading of static/Andorra/The_Map_of_Andorra.png with link https://upload.wikimedia.org/wikipedia/commons/1/12/Location_Andorra_Europe.png
Start downloading Angola
Completed downloading of static/Angola/The_Flag_of_Angola.svg with link https://upload.wikimedia.org/wikipedia/commons/9/9d/Flag_of_Angola.svg
Completed downloading of static/Angola/The_Coat_Of_Arms_of_Angola.svg with link https://upload.wikimedia.org/wikipedia/commons/f/ff/Emblem_of_Angola.svg
Completed downloading of static/Angola/The_Map_of_Angola.svg with link https://upload.wikimedia.org/wikipedia/commons/8/89/Angola_%28orthographic_projection%29.svg
Start downloading Anguilla
Completed downloading of static/Anguilla/The_Flag_of_Anguilla.svg with link https://upload.wikimedia.org/wikipedia/commons/b/b4/Flag_of_Anguilla.svg
Completed downloading of static/Anguilla/The_Coat_Of_Arms_of_Anguilla.svg with link https://upload.wikimedia.org/wikipedia/commons/6/67/Coat_of_arms_of_Anguilla.svg
Completed downloading of static/Anguilla/The_Map_of_Anguilla.svg with link https://upload.wikimedia.org/wikipedia/commons/b/b6/Anguilla_-_Location_Map_%282013%29_-_AIA_-_UNOCHA.svg
Start downloading Antarctica
Completed downloading of static/Antarctica/The_Flag_of_Antarctica.svg with link https://upload.wikimedia.org/wikipedia/commons/f/f2/Antarctica_%28orthographic_projection%29.svg
Completed downloading of static/Antarctica/The_Coat_Of_Arms_of_Antarctica.jpg with link https://upload.wikimedia.org/wikipedia/commons/e/e0/Antarctica_6400px_from_Blue_Marble.jpg
Completed downloading of static/Antarctica/The_Map_of_Antarctica.jpg with link https://upload.wikimedia.org/wikipedia/commons/4/4b/1657_map_Polus_Antarcticus.jpg
Start downloading Antigua and Barbuda
Start downloading Afghanistan
Start downloading Afghanistan
Completed downloading of static/Afghanistan/The_Flag_of_Afghanistan.svg with link https://upload.wikimedia.org/wikipedia/commons/5/5c/Flag_of_the_Taliban.svg
Completed downloading of static/Afghanistan/The_Coat_of_Arms_of_Afghanistan.svg with link https://upload.wikimedia.org/wikipedia/commons/d/d8/Arms_of_the_Islamic_Emirate_of_Afghanistan.svg
Completed downloading of static/Afghanistan/The_Map_of_Afghanistan.svg with link https://upload.wikimedia.org/wikipedia/commons/1/19/Afghanistan_%28orthographic_projection%29.svg
Start downloading Albania
Completed downloading of static/Albania/The_Flag_of_Albania.svg with link https://upload.wikimedia.org/wikipedia/commons/3/36/Flag_of_Albania.svg
Completed downloading of static/Albania/The_Coat_of_Arms_of_Albania.svg with link https://upload.wikimedia.org/wikipedia/commons/6/6e/Coat_of_arms_of_Albania.svg
Completed downloading of static/Albania/The_Map_of_Albania.png with link https://upload.wikimedia.org/wikipedia/commons/e/e4/Location_Albania_Europe.png
Start downloading Algeria
Completed downloading of static/Algeria/The_Flag_of_Algeria.svg with link https://upload.wikimedia.org/wikipedia/commons/7/77/Flag_of_Algeria.svg
Completed downloading of static/Algeria/The_Coat_of_Arms_of_Algeria.svg with link https://upload.wikimedia.org/wikipedia/commons/d/df/Emblem_of_Algeria.svg
Completed downloading of static/Algeria/The_Map_of_Algeria.svg with link https://upload.wikimedia.org/wikipedia/commons/2/23/Algeria_%28centered_orthographic_projection%29.svg
Start downloading American Samoa
Completed downloading of static/American Samoa/The_Flag_of_American_Samoa.svg with link https://upload.wikimedia.org/wikipedia/commons/8/87/Flag_of_American_Samoa.svg
Completed downloading of static/American Samoa/The_Coat_of_Arms_of_American_Samoa.svg with link https://upload.wikimedia.org/wikipedia/commons/d/df/Seal_of_American_Samoa.svg
Completed downloading of static/American Samoa/The_Map_of_American_Samoa.svg with link https://upload.wikimedia.org/wikipedia/commons/9/99/American_Samoa_on_the_globe_%28Polynesia_centered%29.svg
Start downloading Andorra
Completed downloading of static/Andorra/The_Flag_of_Andorra.svg with link https://upload.wikimedia.org/wikipedia/commons/1/19/Flag_of_Andorra.svg
Completed downloading of static/Andorra/The_Coat_of_Arms_of_Andorra.svg with link https://upload.wikimedia.org/wikipedia/commons/4/4e/Coat_of_arms_of_Andorra.svg
Completed downloading of static/Andorra/The_Map_of_Andorra.png with link https://upload.wikimedia.org/wikipedia/commons/1/12/Location_Andorra_Europe.png
Start downloading Angola
Completed downloading of static/Angola/The_Flag_of_Angola.svg with link https://upload.wikimedia.org/wikipedia/commons/9/9d/Flag_of_Angola.svg
Completed downloading of static/Angola/The_Coat_of_Arms_of_Angola.svg with link https://upload.wikimedia.org/wikipedia/commons/f/ff/Emblem_of_Angola.svg
Completed downloading of static/Angola/The_Map_of_Angola.svg with link https://upload.wikimedia.org/wikipedia/commons/8/89/Angola_%28orthographic_projection%29.svg
Start downloading Anguilla
Completed downloading of static/Anguilla/The_Flag_of_Anguilla.svg with link https://upload.wikimedia.org/wikipedia/commons/b/b4/Flag_of_Anguilla.svg
Completed downloading of static/Anguilla/The_Coat_of_Arms_of_Anguilla.svg with link https://upload.wikimedia.org/wikipedia/commons/6/67/Coat_of_arms_of_Anguilla.svg
Completed downloading of static/Anguilla/The_Map_of_Anguilla.svg with link https://upload.wikimedia.org/wikipedia/commons/d/df/Anguilla_in_United_Kingdom.svg
Start downloading Antarctica
Completed downloading of static/Antarctica/The_Flag_of_Antarctica.svg with link https://upload.wikimedia.org/wikipedia/commons/f/f2/Antarctica_%28orthographic_projection%29.svg
Completed downloading of static/Antarctica/The_Coat_of_Arms_of_Antarctica.jpg with link https://upload.wikimedia.org/wikipedia/commons/e/e0/Antarctica_6400px_from_Blue_Marble.jpg
Start downloading Afghanistan

Start downloading Afghanistan

Start downloading A
Completed downloading of static/A/The_Flag_of_A.svg with link https://upload.wikimedia.org/wikipedia/commons/a/a6/Latin_letter_A.svg
Completed downloading of static/A/The_Coat_of_Arms_of_A.svg with link https://upload.wikimedia.org/wikipedia/commons/e/ef/Proto-semiticA-01.svg
Completed downloading of static/A/The_Map_of_A.svg with link https://upload.wikimedia.org/wikipedia/commons/6/62/Protoalef.svg
Start downloading f
Completed downloading of static/f/The_Flag_of_f.svg with link https://upload.wikimedia.org/wikipedia/commons/1/16/Latin_letter_F.svg
Completed downloading of static/f/The_Coat_of_Arms_of_f.svg with link https://upload.wikimedia.org/wikipedia/commons/0/0a/Proto-semiticW-01.svg
Completed downloading of static/f/The_Map_of_f.svg with link https://upload.wikimedia.org/wikipedia/commons/4/45/PhoenicianW-01.svg
Start downloading g
Completed downloading of static/g/The_Flag_of_g.svg with link https://upload.wikimedia.org/wikipedia/commons/e/eb/Latin_letter_G.svg
Completed downloading of static/g/The_Coat_of_Arms_of_g.svg with link https://upload.wikimedia.org/wikipedia/commons/6/62/Camelus_bactrianus-sil.svg
Completed downloading of static/g/The_Map_of_g.svg with link https://upload.wikimedia.org/wikipedia/commons/7/75/Proto-semiticG-01.svg
Start downloading h
Completed downloading of static/h/The_Flag_of_h.svg with link https://upload.wikimedia.org/wikipedia/commons/c/c7/Latin_letter_H.svg
Completed downloading of static/h/The_Coat_of_Arms_of_h.svg with link https://upload.wikimedia.org/wikipedia/commons/9/9d/Proto-semiticH-01.svg
Completed downloading of static/h/The_Map_of_h.svg with link https://upload.wikimedia.org/wikipedia/commons/8/84/Protohet.svg
Start downloading a
Start downloading Afghanistan
Completed downloading of static/Afghanistan/The_Flag_of_Afghanistan.svg with link https://upload.wikimedia.org/wikipedia/commons/5/5c/Flag_of_the_Taliban.svg
Completed downloading of static/Afghanistan/The_Coat_of_Arms_of_Afghanistan.svg with link https://upload.wikimedia.org/wikipedia/commons/d/d8/Arms_of_the_Islamic_Emirate_of_Afghanistan.svg
Completed downloading of static/Afghanistan/The_Map_of_Afghanistan.svg with link https://upload.wikimedia.org/wikipedia/commons/1/19/Afghanistan_%28orthographic_projection%29.svg
Start downloading Albania
Completed downloading of static/Albania/The_Flag_of_Albania.svg with link https://upload.wikimedia.org/wikipedia/commons/3/36/Flag_of_Albania.svg
Completed downloading of static/Albania/The_Coat_of_Arms_of_Albania.svg with link https://upload.wikimedia.org/wikipedia/commons/6/6e/Coat_of_arms_of_Albania.svg
Completed downloading of static/Albania/The_Map_of_Albania.png with link https://upload.wikimedia.org/wikipedia/commons/e/e4/Location_Albania_Europe.png
Start downloading Algeria
Completed downloading of static/Algeria/The_Flag_of_Algeria.svg with link https://upload.wikimedia.org/wikipedia/commons/7/77/Flag_of_Algeria.svg
Completed downloading of static/Algeria/The_Coat_of_Arms_of_Algeria.svg with link https://upload.wikimedia.org/wikipedia/commons/d/df/Emblem_of_Algeria.svg
Completed downloading of static/Algeria/The_Map_of_Algeria.svg with link https://upload.wikimedia.org/wikipedia/commons/2/23/Algeria_%28centered_orthographic_projection%29.svg
Start downloading American Samoa
Completed downloading of static/American Samoa/The_Flag_of_American_Samoa.svg with link https://upload.wikimedia.org/wikipedia/commons/8/87/Flag_of_American_Samoa.svg
Completed downloading of static/American Samoa/The_Coat_of_Arms_of_American_Samoa.svg with link https://upload.wikimedia.org/wikipedia/commons/d/df/Seal_of_American_Samoa.svg
Completed downloading of static/American Samoa/The_Map_of_American_Samoa.svg with link https://upload.wikimedia.org/wikipedia/commons/9/99/American_Samoa_on_the_globe_%28Polynesia_centered%29.svg
Start downloading Andorra
Completed downloading of static/Andorra/The_Flag_of_Andorra.svg with link https://upload.wikimedia.org/wikipedia/commons/1/19/Flag_of_Andorra.svg
Completed downloading of static/Andorra/The_Coat_of_Arms_of_Andorra.svg with link https://upload.wikimedia.org/wikipedia/commons/4/4e/Coat_of_arms_of_Andorra.svg
Completed downloading of static/Andorra/The_Map_of_Andorra.png with link https://upload.wikimedia.org/wikipedia/commons/1/12/Location_Andorra_Europe.png
Start downloading Angola
Completed downloading of static/Angola/The_Flag_of_Angola.svg with link https://upload.wikimedia.org/wikipedia/commons/9/9d/Flag_of_Angola.svg
Completed downloading of static/Angola/The_Coat_of_Arms_of_Angola.svg with link https://upload.wikimedia.org/wikipedia/commons/f/ff/Emblem_of_Angola.svg
Completed downloading of static/Angola/The_Map_of_Angola.svg with link https://upload.wikimedia.org/wikipedia/commons/8/89/Angola_%28orthographic_projection%29.svg
Start downloading Anguilla
Completed downloading of static/Anguilla/The_Flag_of_Anguilla.svg with link https://upload.wikimedia.org/wikipedia/commons/b/b4/Flag_of_Anguilla.svg
Completed downloading of static/Anguilla/The_Coat_of_Arms_of_Anguilla.svg with link https://upload.wikimedia.org/wikipedia/commons/6/67/Coat_of_arms_of_Anguilla.svg
Completed downloading of static/Anguilla/The_Map_of_Anguilla.svg with link https://upload.wikimedia.org/wikipedia/commons/d/df/Anguilla_in_United_Kingdom.svg
Start downloading Antigua and Barbuda
Completed downloading of static/Antigua and Barbuda/The_Flag_of_Antigua_and_Barbuda.svg with link https://upload.wikimedia.org/wikipedia/commons/8/89/Flag_of_Antigua_and_Barbuda.svg
Completed downloading of static/Antigua and Barbuda/The_Coat_of_Arms_of_Antigua_and_Barbuda.svg with link https://upload.wikimedia.org/wikipedia/commons/3/30/Coat_of_arms_of_Antigua_and_Barbuda.svg
Completed downloading of static/Antigua and Barbuda/The_Map_of_Antigua_and_Barbuda.svg with link https://upload.wikimedia.org/wikipedia/commons/2/21/ATG_orthographic.svg
Start downloading Argentina
Completed downloading of static/Argentina/The_Flag_of_Argentina.svg with link https://upload.wikimedia.org/wikipedia/commons/1/1a/Flag_of_Argentina.svg
Completed downloading of static/Argentina/The_Coat_of_Arms_of_Argentina.svg with link https://upload.wikimedia.org/wikipedia/commons/f/ff/Coat_of_arms_of_Argentina.svg
Completed downloading of static/Argentina/The_Map_of_Argentina.svg with link https://upload.wikimedia.org/wikipedia/commons/5/5f/ARG_orthographic_%28%2Ball_claims%29.svg
Start downloading Armenia
Completed downloading of static/Armenia/The_Flag_of_Armenia.svg with link https://upload.wikimedia.org/wikipedia/commons/2/2f/Flag_of_Armenia.svg
Completed downloading of static/Armenia/The_Coat_of_Arms_of_Armenia.svg with link https://upload.wikimedia.org/wikipedia/commons/0/0f/Coat_of_arms_of_Armenia.svg
Completed downloading of static/Armenia/The_Map_of_Armenia.svg with link https://upload.wikimedia.org/wikipedia/commons/9/96/Armenia_%28orthographic_projection%29.svg
Start downloading Aruba
Completed downloading of static/Aruba/The_Flag_of_Aruba.svg with link https://upload.wikimedia.org/wikipedia/commons/f/f6/Flag_of_Aruba.svg
Completed downloading of static/Aruba/The_Coat_of_Arms_of_Aruba.svg with link https://upload.wikimedia.org/wikipedia/commons/6/6c/Aruba_wapen.svg
Completed downloading of static/Aruba/The_Map_of_Aruba.svg with link https://upload.wikimedia.org/wikipedia/commons/1/16/Aruba_in_its_region_%28zoom%29.svg
Start downloading Australia
Start downloading Afghanistan
Completed downloading of static/Afghanistan/The_Flag_of_Afghanistan.svg with link https://upload.wikimedia.org/wikipedia/commons/5/5c/Flag_of_the_Taliban.svg
Completed downloading of static/Afghanistan/The_Coat_of_Arms_of_Afghanistan.svg with link https://upload.wikimedia.org/wikipedia/commons/d/d8/Arms_of_the_Islamic_Emirate_of_Afghanistan.svg
Completed downloading of static/Afghanistan/The_Map_of_Afghanistan.svg with link https://upload.wikimedia.org/wikipedia/commons/1/19/Afghanistan_%28orthographic_projection%29.svg
Start downloading Albania
Completed downloading of static/Albania/The_Flag_of_Albania.svg with link https://upload.wikimedia.org/wikipedia/commons/3/36/Flag_of_Albania.svg
Completed downloading of static/Albania/The_Coat_of_Arms_of_Albania.svg with link https://upload.wikimedia.org/wikipedia/commons/6/6e/Coat_of_arms_of_Albania.svg
Completed downloading of static/Albania/The_Map_of_Albania.png with link https://upload.wikimedia.org/wikipedia/commons/e/e4/Location_Albania_Europe.png
Start downloading Algeria
Completed downloading of static/Algeria/The_Flag_of_Algeria.svg with link https://upload.wikimedia.org/wikipedia/commons/7/77/Flag_of_Algeria.svg
Completed downloading of static/Algeria/The_Coat_of_Arms_of_Algeria.svg with link https://upload.wikimedia.org/wikipedia/commons/d/df/Emblem_of_Algeria.svg
Completed downloading of static/Algeria/The_Map_of_Algeria.svg with link https://upload.wikimedia.org/wikipedia/commons/2/23/Algeria_%28centered_orthographic_projection%29.svg
Start downloading American Samoa
Completed downloading of static/American Samoa/The_Flag_of_American_Samoa.svg with link https://upload.wikimedia.org/wikipedia/commons/8/87/Flag_of_American_Samoa.svg
Completed downloading of static/American Samoa/The_Coat_of_Arms_of_American_Samoa.svg with link https://upload.wikimedia.org/wikipedia/commons/d/df/Seal_of_American_Samoa.svg
Completed downloading of static/American Samoa/The_Map_of_American_Samoa.svg with link https://upload.wikimedia.org/wikipedia/commons/9/99/American_Samoa_on_the_globe_%28Polynesia_centered%29.svg
Start downloading Andorra
Completed downloading of static/Andorra/The_Flag_of_Andorra.svg with link https://upload.wikimedia.org/wikipedia/commons/1/19/Flag_of_Andorra.svg
Completed downloading of static/Andorra/The_Coat_of_Arms_of_Andorra.svg with link https://upload.wikimedia.org/wikipedia/commons/4/4e/Coat_of_arms_of_Andorra.svg
Completed downloading of static/Andorra/The_Map_of_Andorra.png with link https://upload.wikimedia.org/wikipedia/commons/1/12/Location_Andorra_Europe.png
Start downloading Angola
Completed downloading of static/Angola/The_Flag_of_Angola.svg with link https://upload.wikimedia.org/wikipedia/commons/9/9d/Flag_of_Angola.svg
Completed downloading of static/Angola/The_Coat_of_Arms_of_Angola.svg with link https://upload.wikimedia.org/wikipedia/commons/f/ff/Emblem_of_Angola.svg
Completed downloading of static/Angola/The_Map_of_Angola.svg with link https://upload.wikimedia.org/wikipedia/commons/8/89/Angola_%28orthographic_projection%29.svg
Start downloading Anguilla
Completed downloading of static/Anguilla/The_Flag_of_Anguilla.svg with link https://upload.wikimedia.org/wikipedia/commons/b/b4/Flag_of_Anguilla.svg
Completed downloading of static/Anguilla/The_Coat_of_Arms_of_Anguilla.svg with link https://upload.wikimedia.org/wikipedia/commons/6/67/Coat_of_arms_of_Anguilla.svg
Completed downloading of static/Anguilla/The_Map_of_Anguilla.svg with link https://upload.wikimedia.org/wikipedia/commons/d/df/Anguilla_in_United_Kingdom.svg
Start downloading Antigua and Barbuda
Completed downloading of static/Antigua and Barbuda/The_Flag_of_Antigua_and_Barbuda.svg with link https://upload.wikimedia.org/wikipedia/commons/8/89/Flag_of_Antigua_and_Barbuda.svg
Completed downloading of static/Antigua and Barbuda/The_Coat_of_Arms_of_Antigua_and_Barbuda.svg with link https://upload.wikimedia.org/wikipedia/commons/3/30/Coat_of_arms_of_Antigua_and_Barbuda.svg
Completed downloading of static/Antigua and Barbuda/The_Map_of_Antigua_and_Barbuda.svg with link https://upload.wikimedia.org/wikipedia/commons/2/21/ATG_orthographic.svg
Start downloading Argentina
Completed downloading of static/Argentina/The_Flag_of_Argentina.svg with link https://upload.wikimedia.org/wikipedia/commons/1/1a/Flag_of_Argentina.svg
Completed downloading of static/Argentina/The_Coat_of_Arms_of_Argentina.svg with link https://upload.wikimedia.org/wikipedia/commons/f/ff/Coat_of_arms_of_Argentina.svg
Completed downloading of static/Argentina/The_Map_of_Argentina.svg with link https://upload.wikimedia.org/wikipedia/commons/5/5f/ARG_orthographic_%28%2Ball_claims%29.svg
Start downloading Armenia
Completed downloading of static/Armenia/The_Flag_of_Armenia.svg with link https://upload.wikimedia.org/wikipedia/commons/2/2f/Flag_of_Armenia.svg
Completed downloading of static/Armenia/The_Coat_of_Arms_of_Armenia.svg with link https://upload.wikimedia.org/wikipedia/commons/0/0f/Coat_of_arms_of_Armenia.svg
Completed downloading of static/Armenia/The_Map_of_Armenia.svg with link https://upload.wikimedia.org/wikipedia/commons/9/96/Armenia_%28orthographic_projection%29.svg
Start downloading Aruba
Completed downloading of static/Aruba/The_Flag_of_Aruba.svg with link https://upload.wikimedia.org/wikipedia/commons/f/f6/Flag_of_Aruba.svg
Completed downloading of static/Aruba/The_Coat_of_Arms_of_Aruba.svg with link https://upload.wikimedia.org/wikipedia/commons/6/6c/Aruba_wapen.svg
Completed downloading of static/Aruba/The_Map_of_Aruba.svg with link https://upload.wikimedia.org/wikipedia/commons/1/16/Aruba_in_its_region_%28zoom%29.svg
Start downloading Australia
Completed downloading of static/Australia/The_Flag_of_Australia.svg with link https://upload.wikimedia.org/wikipedia/commons/8/88/Flag_of_Australia_%28converted%29.svg
Completed downloading of static/Australia/The_Coat_of_Arms_of_Australia.svg with link https://upload.wikimedia.org/wikipedia/commons/f/f8/Coat_of_Arms_of_Australia.svg
Completed downloading of static/Australia/The_Map_of_Australia.svg with link https://upload.wikimedia.org/wikipedia/commons/d/da/Australia_with_AAT_%28orthographic_projection%29.svg
Start downloading Austria
Completed downloading of static/Austria/The_Flag_of_Austria.svg with link https://upload.wikimedia.org/wikipedia/commons/4/41/Flag_of_Austria.svg
Completed downloading of static/Austria/The_Coat_of_Arms_of_Austria.svg with link https://upload.wikimedia.org/wikipedia/commons/a/a0/Austria_Bundesadler.svg
Completed downloading of static/Austria/The_Map_of_Austria.svg with link https://upload.wikimedia.org/wikipedia/commons/3/38/EU-Austria_%28orthographic_projection%29.svg
Start downloading Azerbaijan
Completed downloading of static/Azerbaijan/The_Flag_of_Azerbaijan.svg with link https://upload.wikimedia.org/wikipedia/commons/d/dd/Flag_of_Azerbaijan.svg
Completed downloading of static/Azerbaijan/The_Coat_of_Arms_of_Azerbaijan.svg with link https://upload.wikimedia.org/wikipedia/commons/6/6b/Emblem_of_Azerbaijan.svg
Completed downloading of static/Azerbaijan/The_Map_of_Azerbaijan.svg with link https://upload.wikimedia.org/wikipedia/commons/7/75/Azerbaijan_orthographic_projection.svg
Start downloading Bahamas
Completed downloading of static/Bahamas/The_Flag_of_Bahamas.svg with link https://upload.wikimedia.org/wikipedia/commons/9/93/Flag_of_the_Bahamas.svg
Start downloading Afghanistan
Completed downloading of static/Afghanistan/The_Flag_of_Afghanistan.svg with link https://upload.wikimedia.org/wikipedia/commons/5/5c/Flag_of_the_Taliban.svg
Completed downloading of static/Afghanistan/The_Coat_of_Arms_of_Afghanistan.svg with link https://upload.wikimedia.org/wikipedia/commons/d/d8/Arms_of_the_Islamic_Emirate_of_Afghanistan.svg
Completed downloading of static/Afghanistan/The_Map_of_Afghanistan.svg with link https://upload.wikimedia.org/wikipedia/commons/1/19/Afghanistan_%28orthographic_projection%29.svg
Start downloading Albania
Completed downloading of static/Albania/The_Flag_of_Albania.svg with link https://upload.wikimedia.org/wikipedia/commons/3/36/Flag_of_Albania.svg
Completed downloading of static/Albania/The_Coat_of_Arms_of_Albania.svg with link https://upload.wikimedia.org/wikipedia/commons/6/6e/Coat_of_arms_of_Albania.svg
Completed downloading of static/Albania/The_Map_of_Albania.png with link https://upload.wikimedia.org/wikipedia/commons/e/e4/Location_Albania_Europe.png
Start downloading Algeria
Completed downloading of static/Algeria/The_Flag_of_Algeria.svg with link https://upload.wikimedia.org/wikipedia/commons/7/77/Flag_of_Algeria.svg
Completed downloading of static/Algeria/The_Coat_of_Arms_of_Algeria.svg with link https://upload.wikimedia.org/wikipedia/commons/d/df/Emblem_of_Algeria.svg
Completed downloading of static/Algeria/The_Map_of_Algeria.svg with link https://upload.wikimedia.org/wikipedia/commons/2/23/Algeria_%28centered_orthographic_projection%29.svg
Start downloading American Samoa
Start downloading Afghanistan
Completed downloading of static/Afghanistan/The_Flag_of_Afghanistan.svg with link https://upload.wikimedia.org/wikipedia/commons/5/5c/Flag_of_the_Taliban.svg
Completed downloading of static/Afghanistan/The_Coat_of_Arms_of_Afghanistan.svg with link https://upload.wikimedia.org/wikipedia/commons/d/d8/Arms_of_the_Islamic_Emirate_of_Afghanistan.svg
Completed downloading of static/Afghanistan/The_Map_of_Afghanistan.svg with link https://upload.wikimedia.org/wikipedia/commons/1/19/Afghanistan_%28orthographic_projection%29.svg
Start downloading Afghanistan
Completed downloading of static/Afghanistan/The_Flag_of_Afghanistan.svg with link https://upload.wikimedia.org/wikipedia/commons/5/5c/Flag_of_the_Taliban.svg
Completed downloading of static/Afghanistan/The_Coat_of_Arms_of_Afghanistan.svg with link https://upload.wikimedia.org/wikipedia/commons/d/d8/Arms_of_the_Islamic_Emirate_of_Afghanistan.svg
Completed downloading of static/Afghanistan/The_Map_of_Afghanistan.svg with link https://upload.wikimedia.org/wikipedia/commons/1/19/Afghanistan_%28orthographic_projection%29.svg
Completed downloading of Summary_of_Afghanistan.txt
Start downloading Albania
Start downloading Afghanistan
Completed downloading of static/Afghanistan/The_Flag_of_Afghanistan.svg with link https://upload.wikimedia.org/wikipedia/commons/5/5c/Flag_of_the_Taliban.svg
Completed downloading of static/Afghanistan/The_Coat_of_Arms_of_Afghanistan.svg with link https://upload.wikimedia.org/wikipedia/commons/d/d8/Arms_of_the_Islamic_Emirate_of_Afghanistan.svg
Completed downloading of static/Afghanistan/The_Map_of_Afghanistan.svg with link https://upload.wikimedia.org/wikipedia/commons/1/19/Afghanistan_%28orthographic_projection%29.svg
Completed downloading of Summary_of_Afghanistan.txt
Start downloading Afghanistan
Completed downloading of static/Afghanistan/The_Flag_of_Afghanistan.svg with link https://upload.wikimedia.org/wikipedia/commons/5/5c/Flag_of_the_Taliban.svg
Completed downloading of static/Afghanistan/The_Coat_of_Arms_of_Afghanistan.svg with link https://upload.wikimedia.org/wikipedia/commons/d/d8/Arms_of_the_Islamic_Emirate_of_Afghanistan.svg
Completed downloading of static/Afghanistan/The_Map_of_Afghanistan.svg with link https://upload.wikimedia.org/wikipedia/commons/1/19/Afghanistan_%28orthographic_projection%29.svg
Completed downloading of Summary_of_Afghanistan.txt
Start downloading Afghanistan
Completed downloading of static/Afghanistan/The_Flag_of_Afghanistan.svg with link https://upload.wikimedia.org/wikipedia/commons/5/5c/Flag_of_the_Taliban.svg
Completed downloading of static/Afghanistan/The_Coat_of_Arms_of_Afghanistan.svg with link https://upload.wikimedia.org/wikipedia/commons/d/d8/Arms_of_the_Islamic_Emirate_of_Afghanistan.svg
Completed downloading of static/Afghanistan/The_Map_of_Afghanistan.svg with link https://upload.wikimedia.org/wikipedia/commons/1/19/Afghanistan_%28orthographic_projection%29.svg
Completed downloading of Summary_of_Afghanistan.txt
Start downloading Albania
Completed downloading of static/Albania/The_Flag_of_Albania.svg with link https://upload.wikimedia.org/wikipedia/commons/3/36/Flag_of_Albania.svg
Completed downloading of static/Albania/The_Coat_of_Arms_of_Albania.svg with link https://upload.wikimedia.org/wikipedia/commons/6/6e/Coat_of_arms_of_Albania.svg
Completed downloading of static/Albania/The_Map_of_Albania.png with link https://upload.wikimedia.org/wikipedia/commons/e/e4/Location_Albania_Europe.png
Completed downloading of Summary_of_Albania.txt
Start downloading Algeria
Start downloading Afghanistan
Completed downloading of static/Afghanistan/The_Flag_of_Afghanistan.svg with link https://upload.wikimedia.org/wikipedia/commons/5/5c/Flag_of_the_Taliban.svg
Completed downloading of static/Afghanistan/The_Coat_of_Arms_of_Afghanistan.svg with link https://upload.wikimedia.org/wikipedia/commons/d/d8/Arms_of_the_Islamic_Emirate_of_Afghanistan.svg
Completed downloading of static/Afghanistan/The_Map_of_Afghanistan.svg with link https://upload.wikimedia.org/wikipedia/commons/1/19/Afghanistan_%28orthographic_projection%29.svg
Start downloading Afghanistan
Completed downloading of static/Afghanistan/The_Flag_of_Afghanistan.svg with link https://upload.wikimedia.org/wikipedia/commons/5/5c/Flag_of_the_Taliban.svg
Completed downloading of static/Afghanistan/The_Coat_of_Arms_of_Afghanistan.svg with link https://upload.wikimedia.org/wikipedia/commons/d/d8/Arms_of_the_Islamic_Emirate_of_Afghanistan.svg
Completed downloading of static/Afghanistan/The_Map_of_Afghanistan.svg with link https://upload.wikimedia.org/wikipedia/commons/1/19/Afghanistan_%28orthographic_projection%29.svg
Completed downloading of Summary_of_Afghanistan.txt
Start downloading Albania
Start downloading Afghanistan
Completed downloading of static/Afghanistan/The_Flag_of_Afghanistan.svg with link https://upload.wikimedia.org/wikipedia/commons/5/5c/Flag_of_the_Taliban.svg
Completed downloading of static/Afghanistan/The_Coat_of_Arms_of_Afghanistan.svg with link https://upload.wikimedia.org/wikipedia/commons/d/d8/Arms_of_the_Islamic_Emirate_of_Afghanistan.svg
Completed downloading of static/Afghanistan/The_Map_of_Afghanistan.svg with link https://upload.wikimedia.org/wikipedia/commons/1/19/Afghanistan_%28orthographic_projection%29.svg
Start downloading Afghanistan
Completed downloading of static/Afghanistan/The_Flag_of_Afghanistan.svg with link https://upload.wikimedia.org/wikipedia/commons/5/5c/Flag_of_the_Taliban.svg
Completed downloading of static/Afghanistan/The_Coat_of_Arms_of_Afghanistan.svg with link https://upload.wikimedia.org/wikipedia/commons/d/d8/Arms_of_the_Islamic_Emirate_of_Afghanistan.svg
Completed downloading of static/Afghanistan/The_Map_of_Afghanistan.svg with link https://upload.wikimedia.org/wikipedia/commons/1/19/Afghanistan_%28orthographic_projection%29.svg
Completed downloading of Summary_of_Afghanistan.txt
Start downloading Albania
Completed downloading of static/Albania/The_Flag_of_Albania.svg with link https://upload.wikimedia.org/wikipedia/commons/3/36/Flag_of_Albania.svg
Completed downloading of static/Albania/The_Coat_of_Arms_of_Albania.svg with link https://upload.wikimedia.org/wikipedia/commons/6/6e/Coat_of_arms_of_Albania.svg
Completed downloading of static/Albania/The_Map_of_Albania.png with link https://upload.wikimedia.org/wikipedia/commons/e/e4/Location_Albania_Europe.png
Completed downloading of Summary_of_Albania.txt
Start downloading Algeria
